TN:
SF:..\02-ratelimitter.js
FN:22,incrementatlCounter
FNF:1
FNH:1
FNDA:13,incrementatlCounter
DA:1,1
DA:2,1
DA:3,1
DA:4,1
DA:5,1
DA:6,1
DA:7,1
DA:8,1
DA:9,1
DA:10,1
DA:11,1
DA:12,1
DA:13,1
DA:14,1
DA:15,1
DA:16,1
DA:17,1
DA:18,2
DA:19,2
DA:20,1
DA:21,1
DA:22,1
DA:23,13
DA:24,13
DA:25,13
DA:26,11
DA:27,13
DA:28,2
DA:29,2
DA:30,13
DA:31,7
DA:32,7
DA:33,7
DA:34,6
DA:35,6
DA:36,1
DA:37,1
DA:38,1
DA:39,1
DA:40,6
DA:41,1
DA:42,1
DA:43,1
DA:44,0
DA:45,1
DA:46,1
DA:47,1
DA:48,1
DA:49,1
DA:50,1
LF:50
LH:49
BRDA:17,0,0,2
BRDA:22,1,0,13
BRDA:25,2,0,11
BRDA:27,3,0,2
BRDA:30,4,0,7
BRDA:33,5,0,6
BRDA:39,6,0,6
BRDA:47,7,0,1
BRF:8
BRH:8
end_of_record
